This file contains any messages produced by compilers while
running configure, to aid debugging if configure makes a mistake.

It was created by onus configure 0.1, which was
generated by GNU Autoconf 2.65.  Invocation command line was

  $ /home/dancole/Desktop/Dropbox/GIT/Fitness-Monitor/Onus/configure --enable-maintainer-mode --enable-maintainer-mode

## --------- ##
## Platform. ##
## --------- ##

hostname = dancoledv9000
uname -m = i686
uname -r = 2.6.34.6-47.fc13.i686
uname -s = Linux
uname -v = #1 SMP Fri Aug 27 09:48:44 UTC 2010

/usr/bin/uname -p = unknown
/bin/uname -X     = unknown

/bin/arch              = i686
/usr/bin/arch -k       = unknown
/usr/convex/getsysinfo = unknown
/usr/bin/hostinfo      = unknown
/bin/machine           = unknown
/usr/bin/oslevel       = unknown
/bin/universe          = unknown

PATH: /usr/kerberos/sbin
PATH: /usr/kerberos/bin
PATH: /usr/local/bin
PATH: /usr/bin
PATH: /bin
PATH: /usr/local/sbin
PATH: /usr/sbin
PATH: /sbin
PATH: /home/dancole/bin


## ----------- ##
## Core tests. ##
## ----------- ##

configure:1741: checking for a BSD-compatible install
configure:1809: result: /usr/bin/install -c
configure:1820: checking whether build environment is sane
configure:1870: result: yes
configure:2011: checking for a thread-safe mkdir -p
configure:2050: result: /bin/mkdir -p
configure:2063: checking for gawk
configure:2079: found /usr/bin/gawk
configure:2090: result: gawk
configure:2101: checking whether make sets $(MAKE)
configure:2123: result: yes
configure:2206: checking whether to enable maintainer-specific portions of Makefiles
configure:2215: result: yes
configure:2239: checking for python
configure:2257: found /usr/bin/python
configure:2269: result: /usr/bin/python
configure:2290: checking for python version
configure:2297: result: 2.6
configure:2309: checking for python platform
configure:2316: result: linux2
configure:2323: checking for python script directory
configure:2352: result: ${prefix}/lib/python2.6/site-packages
configure:2361: checking for python extension module directory
configure:2390: result: ${exec_prefix}/lib/python2.6/site-packages
configure:2519: creating ./config.status

## ---------------------- ##
## Running config.status. ##
## ---------------------- ##

This file was extended by onus config.status 0.1, which was
generated by GNU Autoconf 2.65.  Invocation command line was

  CONFIG_FILES    = 
  CONFIG_HEADERS  = 
  CONFIG_LINKS    = 
  CONFIG_COMMANDS = 
  $ ./config.status 

on dancoledv9000

config.status:823: creating Makefile
config.status:823: creating src/Makefile
config.status:823: creating config.h

## ---------------- ##
## Cache variables. ##
## ---------------- ##

ac_cv_env_build_alias_set=
ac_cv_env_build_alias_value=
ac_cv_env_host_alias_set=
ac_cv_env_host_alias_value=
ac_cv_env_target_alias_set=
ac_cv_env_target_alias_value=
ac_cv_path_PYTHON=/usr/bin/python
ac_cv_path_install='/usr/bin/install -c'
ac_cv_path_mkdir=/bin/mkdir
ac_cv_prog_AWK=gawk
ac_cv_prog_make_make_set=yes
am_cv_python_platform=linux2
am_cv_python_pyexecdir='${exec_prefix}/lib/python2.6/site-packages'
am_cv_python_pythondir='${prefix}/lib/python2.6/site-packages'
am_cv_python_version=2.6

## ----------------- ##
## Output variables. ##
## ----------------- ##

ACLOCAL='${SHELL} /home/dancole/Desktop/Dropbox/GIT/Fitness-Monitor/Onus/missing --run aclocal-1.11'
AMTAR='${SHELL} /home/dancole/Desktop/Dropbox/GIT/Fitness-Monitor/Onus/missing --run tar'
AM_BACKSLASH='\'
AM_DEFAULT_VERBOSITY='0'
AUTOCONF='${SHELL} /home/dancole/Desktop/Dropbox/GIT/Fitness-Monitor/Onus/missing --run autoconf'
AUTOHEADER='${SHELL} /home/dancole/Desktop/Dropbox/GIT/Fitness-Monitor/Onus/missing --run autoheader'
AUTOMAKE='${SHELL} /home/dancole/Desktop/Dropbox/GIT/Fitness-Monitor/Onus/missing --run automake-1.11'
AWK='gawk'
CYGPATH_W='echo'
DEFS='-DHAVE_CONFIG_H'
ECHO_C=''
ECHO_N='-n'
ECHO_T=''
INSTALL_DATA='${INSTALL} -m 644'
INSTALL_PROGRAM='${INSTALL}'
INSTALL_SCRIPT='${INSTALL}'
INSTALL_STRIP_PROGRAM='$(install_sh) -c -s'
LIBOBJS=''
LIBS=''
LTLIBOBJS=''
MAINT=''
MAINTAINER_MODE_FALSE='#'
MAINTAINER_MODE_TRUE=''
MAKEINFO='${SHELL} /home/dancole/Desktop/Dropbox/GIT/Fitness-Monitor/Onus/missing --run makeinfo'
MKDIR_P='/bin/mkdir -p'
PACKAGE='onus'
PACKAGE_BUGREPORT=''
PACKAGE_NAME='onus'
PACKAGE_STRING='onus 0.1'
PACKAGE_TARNAME='onus'
PACKAGE_URL=''
PACKAGE_VERSION='0.1'
PATH_SEPARATOR=':'
PYTHON='/usr/bin/python'
PYTHON_EXEC_PREFIX='${exec_prefix}'
PYTHON_PLATFORM='linux2'
PYTHON_PREFIX='${prefix}'
PYTHON_VERSION='2.6'
SET_MAKE=''
SHELL='/bin/sh'
STRIP=''
VERSION='0.1'
am__isrc=''
am__leading_dot='.'
am__tar='${AMTAR} chof - "$$tardir"'
am__untar='${AMTAR} xf -'
bindir='${exec_prefix}/bin'
build_alias=''
datadir='${datarootdir}'
datarootdir='${prefix}/share'
docdir='${datarootdir}/doc/${PACKAGE_TARNAME}'
dvidir='${docdir}'
exec_prefix='${prefix}'
host_alias=''
htmldir='${docdir}'
includedir='${prefix}/include'
infodir='${datarootdir}/info'
install_sh='${SHELL} /home/dancole/Desktop/Dropbox/GIT/Fitness-Monitor/Onus/install-sh'
libdir='${exec_prefix}/lib'
libexecdir='${exec_prefix}/libexec'
localedir='${datarootdir}/locale'
localstatedir='${prefix}/var'
mandir='${datarootdir}/man'
mkdir_p='/bin/mkdir -p'
oldincludedir='/usr/include'
pdfdir='${docdir}'
pkgpyexecdir='${pyexecdir}/onus'
pkgpythondir='${pythondir}/onus'
prefix='/usr/local'
program_transform_name='s,x,x,'
psdir='${docdir}'
pyexecdir='${exec_prefix}/lib/python2.6/site-packages'
pythondir='${prefix}/lib/python2.6/site-packages'
sbindir='${exec_prefix}/sbin'
sharedstatedir='${prefix}/com'
sysconfdir='${prefix}/etc'
target_alias=''

## ----------- ##
## confdefs.h. ##
## ----------- ##

/* confdefs.h */
#define PACKAGE_NAME "onus"
#define PACKAGE_TARNAME "onus"
#define PACKAGE_VERSION "0.1"
#define PACKAGE_STRING "onus 0.1"
#define PACKAGE_BUGREPORT ""
#define PACKAGE_URL ""
#define PACKAGE "onus"
#define VERSION "0.1"

configure: exit 0

## ---------------------- ##
## Running config.status. ##
## ---------------------- ##

This file was extended by onus config.status 0.1, which was
generated by GNU Autoconf 2.65.  Invocation command line was

  CONFIG_FILES    = 
  CONFIG_HEADERS  = 
  CONFIG_LINKS    = 
  CONFIG_COMMANDS = 
  $ ./config.status config.h

on dancoledv9000

config.status:823: creating config.h
config.status:995: config.h is unchanged
